This file contains any messages produced by compilers while
running configure, to aid debugging if configure makes a mistake.

It was created by giflib configure 5.1.4, which was
generated by GNU Autoconf 2.69.  Invocation command line was

  $ C:\Users\bhadriche\Desktop\giflib-5.1.4/configure 

## --------- ##
## Platform. ##
## --------- ##

hostname = TK-BRAHIM-D10
uname -m = x86_64
uname -r = 2.5.0(0.295/5/3)
uname -s = MINGW64_NT-10.0
uname -v = 2016-03-31 18:47

/usr/bin/uname -p = unknown
/bin/uname -X     = unknown

/bin/arch              = x86_64
/usr/bin/arch -k       = unknown
/usr/convex/getsysinfo = unknown
/usr/bin/hostinfo      = unknown
/bin/machine           = unknown
/usr/bin/oslevel       = unknown
/bin/universe          = unknown

PATH: /c/Users/bhadriche/bin
PATH: /mingw64/bin
PATH: /usr/local/bin
PATH: /usr/bin
PATH: /bin
PATH: /mingw64/bin
PATH: /usr/bin
PATH: /c/Users/bhadriche/bin
PATH: /c/Program Files/Docker/Docker/Resources/bin
PATH: /c/depot_tools
PATH: /c/Python27
PATH: /c/Python27/Scripts
PATH: /c/ProgramData/Oracle/Java/javapath
PATH: /c/Program Files (x86)/NVIDIA Corporation/PhysX/Common
PATH: /c/WINDOWS/system32
PATH: /c/WINDOWS
PATH: /c/WINDOWS/System32/Wbem
PATH: /c/WINDOWS/System32/WindowsPowerShell/v1.0
PATH: /c/Program Files (x86)/Common Files/Autodesk Shared
PATH: /c/Program Files (x86)/Microsoft SQL Server/100/Tools/Binn/VSShell/Common7/IDE
PATH: /c/Program Files (x86)/Microsoft SQL Server/100/Tools/Binn
PATH: /c/Program Files/Microsoft SQL Server/100/Tools/Binn
PATH: /c/Program Files (x86)/Microsoft SQL Server/100/DTS/Binn
PATH: /c/Program Files (x86)/Windows Kits/8.1/Windows Performance Toolkit
PATH: /c/Program Files (x86)/Skype/Phone
PATH: /c/Program Files (x86)/Microsoft SQL Server/110/Tools/Binn
PATH: /c/Program Files/Microsoft SQL Server/110/Tools/Binn
PATH: /c/Program Files/Microsoft SQL Server/110/DTS/Binn
PATH: /c/Program Files/Microsoft SQL Server/130/Tools/Binn
PATH: /c/Program Files (x86)/Google/Google Apps Sync
PATH: /c/Program Files (x86)/GtkSharp/2.12/bin
PATH: /cmd
PATH: /c/Program Files (x86)/Brackets/command
PATH: /c/Program Files/MySQL/MySQL Utilities 1.6
PATH: /c/Program Files/PuTTY
PATH: /c/Program Files (x86)/Windows Kits/10/Windows Performance Toolkit
PATH: /c/ProgramData/chocolatey/bin
PATH: /c/Program Files (x86)/GTK2-Runtime/bin
PATH: /c/Program Files (x86)/Yarn/bin
PATH: /c/Program Files/nodejs
PATH: /c/Program Files/Java/jdk1.8.0_131/bin
PATH: /c/Program Files/Mercurial
PATH: /c/Program Files/CMake/bin
PATH: /c/Ruby23-x64/bin
PATH: /c/apktool
PATH: /c/Program Files/Heroku/bin
PATH: /c/Users/bhadriche/AppData/Local/.meteor
PATH: /c/ImageMagick-6.8.5/bin
PATH: /c/Ruby23-x64/DevKit/bin
PATH: /c/Program Files/MySQL/MySQL Server 5.7/bin
PATH: /c/Sphinx/bin
PATH: /c/Python27
PATH: /c/Program Files (x86)/Microsoft VS Code/bin
PATH: /c/Users/bhadriche/AppData/Roaming/npm
PATH: /c/libjpeg-turbo64/bin
PATH: /c/Users/bhadriche/AppData/Local/Yarn/bin
PATH: /c/Users/bhadriche/AppData/Local/Android/sdk/platform-tools
PATH: /c/OpenSSL-Win64/bin
PATH: /usr/bin/vendor_perl
PATH: /usr/bin/core_perl


## ----------- ##
## Core tests. ##
## ----------- ##

configure:2256: checking for a BSD-compatible install
configure:2324: result: /usr/bin/install -c
configure:2335: checking whether build environment is sane
configure:2390: result: yes
configure:2541: checking for a thread-safe mkdir -p
configure:2580: result: /usr/bin/mkdir -p
configure:2587: checking for gawk
configure:2603: found /usr/bin/gawk
configure:2614: result: gawk
configure:2625: checking whether make sets $(MAKE)
configure:2647: result: yes
configure:2676: checking whether make supports nested variables
configure:2693: result: yes
configure:2830: checking whether make supports nested variables
configure:2847: result: yes
configure:2874: checking for style of include used by make
configure:2902: result: GNU
configure:2973: checking for gcc
configure:3003: result: no
configure:3066: checking for cc
configure:3113: result: no
configure:3169: checking for cl.exe
configure:3199: result: no
configure:3223: error: in `/c/Users/bhadriche/Desktop/giflib-5.1.4':
configure:3225: error: no acceptable C compiler found in $PATH
See `config.log' for more details

## ---------------- ##
## Cache variables. ##
## ---------------- ##

ac_cv_env_CC_set=
ac_cv_env_CC_value=
ac_cv_env_CFLAGS_set=
ac_cv_env_CFLAGS_value=
ac_cv_env_CPPFLAGS_set=
ac_cv_env_CPPFLAGS_value=
ac_cv_env_CPP_set=
ac_cv_env_CPP_value=
ac_cv_env_LDFLAGS_set=
ac_cv_env_LDFLAGS_value=
ac_cv_env_LIBS_set=
ac_cv_env_LIBS_value=
ac_cv_env_build_alias_set=
ac_cv_env_build_alias_value=
ac_cv_env_host_alias_set=
ac_cv_env_host_alias_value=
ac_cv_env_target_alias_set=
ac_cv_env_target_alias_value=
ac_cv_path_install='/usr/bin/install -c'
ac_cv_path_mkdir=/usr/bin/mkdir
ac_cv_prog_AWK=gawk
ac_cv_prog_make_make_set=yes
am_cv_make_support_nested_variables=yes

## ----------------- ##
## Output variables. ##
## ----------------- ##

ACLOCAL='${SHELL} /c/Users/bhadriche/Desktop/giflib-5.1.4/missing aclocal-1.15'
AMDEPBACKSLASH='\'
AMDEP_FALSE='#'
AMDEP_TRUE=''
AMTAR='$${TAR-tar}'
AM_BACKSLASH='\'
AM_DEFAULT_V='$(AM_DEFAULT_VERBOSITY)'
AM_DEFAULT_VERBOSITY='0'
AM_V='$(V)'
AR=''
AUTOCONF='${SHELL} /c/Users/bhadriche/Desktop/giflib-5.1.4/missing autoconf'
AUTOHEADER='${SHELL} /c/Users/bhadriche/Desktop/giflib-5.1.4/missing autoheader'
AUTOMAKE='${SHELL} /c/Users/bhadriche/Desktop/giflib-5.1.4/missing automake-1.15'
AWK='gawk'
BUILD_DOC_FALSE=''
BUILD_DOC_TRUE=''
CC=''
CCDEPMODE=''
CFLAGS=''
CPP=''
CPPFLAGS=''
CYGPATH_W='cygpath -w'
DEFS=''
DEPDIR='.deps'
DLLTOOL=''
DSYMUTIL=''
DUMPBIN=''
ECHO_C=''
ECHO_N='-n'
ECHO_T=''
EGREP=''
EXEEXT=''
FGREP=''
GREP=''
INSTALL_DATA='${INSTALL} -m 644'
INSTALL_PROGRAM='${INSTALL}'
INSTALL_SCRIPT='${INSTALL}'
INSTALL_STRIP_PROGRAM='$(install_sh) -c -s'
LD=''
LDFLAGS=''
LIBOBJS=''
LIBS=''
LIBTOOL=''
LIPO=''
LN_S=''
LTLIBOBJS=''
MAKEINFO='${SHELL} /c/Users/bhadriche/Desktop/giflib-5.1.4/missing makeinfo'
MANIFEST_TOOL=''
MKDIR_P='/usr/bin/mkdir -p'
NM=''
NMEDIT=''
OBJDUMP=''
OBJEXT=''
OTOOL64=''
OTOOL=''
PACKAGE='giflib'
PACKAGE_BUGREPORT='esr@thyrsus.com'
PACKAGE_NAME='giflib'
PACKAGE_STRING='giflib 5.1.4'
PACKAGE_TARNAME='giflib'
PACKAGE_URL=''
PACKAGE_VERSION='5.1.4'
PATH_SEPARATOR=':'
RANLIB=''
SED=''
SET_MAKE=''
SHELL='/bin/sh'
SHLIBVERSION=''
STRIP=''
VERSION='5.1.4'
ac_ct_AR=''
ac_ct_CC=''
ac_ct_DUMPBIN=''
am__EXEEXT_FALSE=''
am__EXEEXT_TRUE=''
am__fastdepCC_FALSE=''
am__fastdepCC_TRUE=''
am__include='include'
am__isrc=''
am__leading_dot='.'
am__nodep='_no'
am__quote=''
am__tar='$${TAR-tar} chof - "$$tardir"'
am__untar='$${TAR-tar} xf -'
bindir='${exec_prefix}/bin'
build=''
build_alias=''
build_cpu=''
build_os=''
build_vendor=''
datadir='${datarootdir}'
datarootdir='${prefix}/share'
docdir='${datarootdir}/doc/${PACKAGE_TARNAME}'
dvidir='${docdir}'
exec_prefix='NONE'
have_xmlto=''
host=''
host_alias=''
host_cpu=''
host_os=''
host_vendor=''
htmldir='${docdir}'
includedir='${prefix}/include'
infodir='${datarootdir}/info'
install_sh='${SHELL} /c/Users/bhadriche/Desktop/giflib-5.1.4/install-sh'
libdir='${exec_prefix}/lib'
libexecdir='${exec_prefix}/libexec'
localedir='${datarootdir}/locale'
localstatedir='${prefix}/var'
mandir='${datarootdir}/man'
mkdir_p='$(MKDIR_P)'
oldincludedir='/usr/include'
pdfdir='${docdir}'
prefix='NONE'
program_transform_name='s,x,x,'
psdir='${docdir}'
sbindir='${exec_prefix}/sbin'
sharedstatedir='${prefix}/com'
sysconfdir='${prefix}/etc'
target_alias=''

## ----------- ##
## confdefs.h. ##
## ----------- ##

/* confdefs.h */
#define PACKAGE_NAME "giflib"
#define PACKAGE_TARNAME "giflib"
#define PACKAGE_VERSION "5.1.4"
#define PACKAGE_STRING "giflib 5.1.4"
#define PACKAGE_BUGREPORT "esr@thyrsus.com"
#define PACKAGE_URL ""
#define PACKAGE "giflib"
#define VERSION "5.1.4"

configure: exit 1
